<?xml version="1.0" encoding="UTF-8"?>
<!-- Generated by org.testng.reporters.JUnitXMLReporter -->
<testsuite hostname="DESKTOP-M6OP14Q" failures="1" tests="1" name="Command line test" time="20.805" errors="0" timestamp="14 Nov 2023 22:15:59 GMT">
  <testcase classname="com.lan.zxy.BuscarTicketTest" name="verificarElIdiomaInglesDeLosTags" time="18.77">
    <failure type="org.junit.ComparisonFailure" message="expected:&amp;lt;[Last Name]s&amp;gt; but was:&amp;lt;[Apellido]s&amp;gt;">
      <![CDATA[org.junit.ComparisonFailure: expected:<[Last Name]s> but was:<[Apellido]s>
	at org.junit.Assert.assertEquals(Assert.java:115)
	at org.junit.Assert.assertEquals(Assert.java:144)
	at com.lan.zxy.BuscarTicketTest.verificarElIdiomaInglesDeLosTags(BuscarTicketTest.java:83)
... Removed 34 stack frames]]>
    </failure>
  </testcase> <!-- verificarElIdiomaInglesDeLosTags -->
</testsuite> <!-- Command line test -->
