<?xml version="1.0" encoding="UTF-8" ?>
<testsuite tests="1" failures="1" name="TestSuite" time="18.774" errors="0" skipped="0">
  <properties>
[...]
</properties>
  <testcase classname="com.lan.zxy.BuscarTicketTest" name="verificarElIdiomaInglesDeLosTags" time="18.774">
    <failure message="expected:&lt;[Last Name]s&gt; but was:&lt;[Apellido]s&gt;" type="org.junit.ComparisonFailure">org.junit.ComparisonFailure: expected:&lt;[Last Name]s&gt; but was:&lt;[Apellido]s&gt;
	at org.junit.Assert.assertEquals(Assert.java:115)
	at org.junit.Assert.assertEquals(Assert.java:144)
	at com.lan.zxy.BuscarTicketTest.verificarElIdiomaInglesDeLosTags(BuscarTicketTest.java:83)
</failure>
    <system-out>Configuring TestNG with: org.apache.maven.surefire.testng.conf.TestNG652Configurator@4e7dc304
Text del link: REGÍSTRATE
current: Enter your details and save time on your next purchase &lt;-&gt; expected: Enter your details and save time on your next purchasecurrent: Names &lt;-&gt; expected: Namescurrent: Apellidos &lt;-&gt; expected: Last Names</system-out>
    <system-err>SLF4J: No SLF4J providers were found.
SLF4J: Defaulting to no-operation (NOP) logger implementation
SLF4J: See https://www.slf4j.org/codes.html#noProviders for further details.
Starting ChromeDriver 119.0.6045.105 (38c72552c5e15ba9b3117c0967a0fd105072d7c6-refs/branch-heads/6045@{#1103}) on port 2970
Only local connections are allowed.
Please see https://chromedriver.chromium.org/security-considerations for suggestions on keeping ChromeDriver safe.
ChromeDriver was started successfully.
Nov 14, 2023 6:15:40 PM org.openqa.selenium.remote.ProtocolHandshake createSession
INFO: Detected dialect: W3C
</system-err>
  </testcase>
</testsuite>